#
# A fatal error has been detected by the Java Runtime Environment:
#
#  EXCEPTION_ACCESS_VIOLATION (0xc0000005) at pc=0x00007ffebe176416, pid=15544, tid=12428
#
# JRE version: Java(TM) SE Runtime Environment (8.0_31-b13) (build 1.8.0_31-b13)
# Java VM: Java HotSpot(TM) 64-Bit Server VM (25.31-b07 mixed mode windows-amd64 compressed oops)
# Problematic frame:
# C  [jniortools.dll+0x886416]
#
# Failed to write core dump. Minidumps are not enabled by default on client versions of Windows
#
# If you would like to submit a bug report, please visit:
#   http://bugreport.java.com/bugreport/crash.jsp
# The crash happened outside the Java Virtual Machine in native code.
# See problematic frame for where to report the bug.
#

---------------  T H R E A D  ---------------

Current thread (0x0000000002700800):  JavaThread "main" [_thread_in_native, id=12428, stack(0x0000000002500000,0x0000000002600000)]

siginfo: ExceptionCode=0xc0000005, reading address 0x000000001cbb8000

Registers:
RAX=0x00000000000026e0, RBX=0x000000001eba18d0, RCX=0x000000001eba3fb0, RDX=0x000000001cbb8000
RSP=0x00000000025eedd0, RBP=0x00000000025eeed0, RSI=0x0000000000000001, RDI=0x000000001d9fd490
R8 =0x0000000000000bb8, R9 =0x0000000000000000, R10=0x0000000000000000, R11=0x000000001eba18d0
R12=0x000000001d814400, R13=0x0000000000000bb8, R14=0x0000000000002775, R15=0x000000001d9fa5b0
RIP=0x00007ffebe176416, EFLAGS=0x0000000000010293

Top of Stack: (sp=0x00000000025eedd0)
0x00000000025eedd0:   00000000000026ac 00000000025eeed0
0x00000000025eede0:   0000000000002774 000000001d9fa5b0
0x00000000025eedf0:   0000000000000000 0000000000000002
0x00000000025eee00:   000000001b7c2201 000000001bb70501
0x00000000025eee10:   0000000000000000 00007fff411e95f1
0x00000000025eee20:   000000001d814400 000000dc00002775
0x00000000025eee30:   000000001bdfcc00 000000001bb6fe50
0x00000000025eee40:   00000bb800000002 000000001d9fa5b0
0x00000000025eee50:   21536c616d697200 00000000000000c8
0x00000000025eee60:   0000000000000001 0000000000000001
0x00000000025eee70:   000000001db77010 0000000000000bb8
0x00000000025eee80:   00000000000000dc 00000000000026ad
0x00000000025eee90:   00000000000000dc ffffffff000000c8
0x00000000025eeea0:   00000000000000c8 000000001dbb2320
0x00000000025eeeb0:   0000000000000000 0000000000000014
0x00000000025eeec0:   00000000025f0160 0000000000000064 

Instructions: (pc=0x00007ffebe176416)
0x00007ffebe1763f6:   19 01 48 ff c2 48 3b d7 7c f0 45 8b c5 45 85 f6
0x00007ffebe176406:   7e 46 48 8b cb 49 8d 3c bf 48 8b 95 a8 00 00 00
0x00007ffebe176416:   83 3a 01 75 0e 80 39 00 75 09 89 07 41 ff c5 48
0x00007ffebe176426:   83 c7 04 ff c0 48 83 c2 04 48 ff c1 41 3b c6 7c 


Register to memory mapping:

RAX=0x00000000000026e0 is an unknown value
RBX=0x000000001eba18d0 is an unknown value
RCX=0x000000001eba3fb0 is an unknown value
RDX=0x000000001cbb8000 is an unknown value
RSP=0x00000000025eedd0 is pointing into the stack for thread: 0x0000000002700800
RBP=0x00000000025eeed0 is pointing into the stack for thread: 0x0000000002700800
RSI=0x0000000000000001 is an unknown value
RDI=0x000000001d9fd490 is an unknown value
R8 =0x0000000000000bb8 is an unknown value
R9 =0x0000000000000000 is an unknown value
R10=0x0000000000000000 is an unknown value
R11=0x000000001eba18d0 is an unknown value
R12=0x000000001d814400 is an unknown value
R13=0x0000000000000bb8 is an unknown value
R14=0x0000000000002775 is an unknown value
R15=0x000000001d9fa5b0 is an unknown value


Stack: [0x0000000002500000,0x0000000002600000],  sp=0x00000000025eedd0,  free space=955k
Native frames: (J=compiled Java code, j=interpreted, Vv=VM code, C=native code)
C  [jniortools.dll+0x886416]
C  [jniortools.dll+0x932105]
C  [jniortools.dll+0x8d9a52]
C  [jniortools.dll+0x8f4947]
C  [jniortools.dll+0x909c2a]
C  [jniortools.dll+0x909d58]
C  [jniortools.dll+0x653496]
C  [jniortools.dll+0x473236]
C  [jniortools.dll+0x47334b]
C  0x0000000002815b74

Java frames: (J=compiled Java code, j=interpreted, Vv=VM code)
j  com.google.ortools.linearsolver.main_research_linear_solverJNI.MPSolver_solve__SWIG_0(JLcom/google/ortools/linearsolver/MPSolver;)I+0
j  com.google.ortools.linearsolver.MPSolver.solve()Lcom/google/ortools/linearsolver/MPSolver$ResultStatus;+5
j  class118133.pqd.TSP.solveDynSEC()V+32
j  class118133.pqd.TSP.main([Ljava/lang/String;)V+16
v  ~StubRoutines::call_stub

---------------  P R O C E S S  ---------------

Java Threads: ( => current thread )
  0x000000001984d800 JavaThread "Service Thread" daemon [_thread_blocked, id=10712, stack(0x000000001a180000,0x000000001a280000)]
  0x00000000197b8000 JavaThread "C1 CompilerThread3" daemon [_thread_blocked, id=2988, stack(0x000000001a080000,0x000000001a180000)]
  0x00000000197b7000 JavaThread "C2 CompilerThread2" daemon [_thread_blocked, id=15672, stack(0x0000000019f80000,0x000000001a080000)]
  0x00000000197b2000 JavaThread "C2 CompilerThread1" daemon [_thread_blocked, id=2876, stack(0x0000000019e80000,0x0000000019f80000)]
  0x00000000197a7800 JavaThread "C2 CompilerThread0" daemon [_thread_blocked, id=10236, stack(0x0000000019d80000,0x0000000019e80000)]
  0x00000000197a6800 JavaThread "Attach Listener" daemon [_thread_blocked, id=3052, stack(0x0000000019c80000,0x0000000019d80000)]
  0x00000000197a5000 JavaThread "Signal Dispatcher" daemon [_thread_blocked, id=13300, stack(0x0000000019b80000,0x0000000019c80000)]
  0x00000000027f6800 JavaThread "Finalizer" daemon [_thread_blocked, id=2220, stack(0x0000000019680000,0x0000000019780000)]
  0x00000000027f0000 JavaThread "Reference Handler" daemon [_thread_blocked, id=19376, stack(0x0000000019580000,0x0000000019680000)]
=>0x0000000002700800 JavaThread "main" [_thread_in_native, id=12428, stack(0x0000000002500000,0x0000000002600000)]

Other Threads:
  0x0000000017798800 VMThread [stack: 0x0000000019480000,0x0000000019580000] [id=19188]
  0x000000001984f800 WatcherThread [stack: 0x000000001a280000,0x000000001a380000] [id=7984]

VM state:not at safepoint (normal execution)

VM Mutex/Monitor currently owned by a thread: None

Heap:
 PSYoungGen      total 38400K, used 22632K [0x00000000d5d80000, 0x00000000d8800000, 0x0000000100000000)
  eden space 33280K, 68% used [0x00000000d5d80000,0x00000000d739a3e8,0x00000000d7e00000)
  from space 5120K, 0% used [0x00000000d8300000,0x00000000d8300000,0x00000000d8800000)
  to   space 5120K, 0% used [0x00000000d7e00000,0x00000000d7e00000,0x00000000d8300000)
 ParOldGen       total 87552K, used 0K [0x0000000081800000, 0x0000000086d80000, 0x00000000d5d80000)
  object space 87552K, 0% used [0x0000000081800000,0x0000000081800000,0x0000000086d80000)
 Metaspace       used 3770K, capacity 4736K, committed 4864K, reserved 1056768K
  class space    used 435K, capacity 496K, committed 512K, reserved 1048576K

Card table byte_map: [0x0000000011bc0000,0x0000000011fc0000] byte_map_base: 0x00000000117b4000

Marking Bits: (ParMarkBitMap*) 0x000000006560d4f0
 Begin Bits: [0x0000000012a70000, 0x0000000014a10000)
 End Bits:   [0x0000000014a10000, 0x00000000169b0000)

Polling page: 0x0000000000d30000

CodeCache: size=245760Kb used=1732Kb max_used=1741Kb free=244027Kb
 bounds [0x0000000002800000, 0x0000000002a70000, 0x0000000011800000]
 total_blobs=554 nmethods=271 adapters=197
 compilation: enabled

Compilation events (10 events):
Event: 1.900 Thread 0x00000000197b8000 nmethod 267 0x000000000299ac90 code [0x000000000299ae00, 0x000000000299b030]
Event: 1.900 Thread 0x00000000197b8000  268       3       java.util.ArrayList$Itr::<init> (26 bytes)
Event: 1.901 Thread 0x00000000197b8000 nmethod 268 0x000000000299d610 code [0x000000000299d780, 0x000000000299d950]
Event: 1.918 Thread 0x00000000197b7000 nmethod 265% 0x00000000029ad850 code [0x00000000029adb80, 0x00000000029af358]
Event: 2.521 Thread 0x00000000197b8000  269       3       java.lang.String::valueOf (14 bytes)
Event: 2.521 Thread 0x00000000197b8000 nmethod 269 0x000000000299d190 code [0x000000000299d300, 0x000000000299d548]
Event: 2.521 Thread 0x00000000197b8000  270       3       java.lang.String::toString (2 bytes)
Event: 2.521 Thread 0x00000000197b8000 nmethod 270 0x000000000299ce90 code [0x000000000299cfe0, 0x000000000299d130]
Event: 3.032 Thread 0x00000000197b7000  271       4       class118133.pqd.TSP::createSolverDynSEC (438 bytes)
Event: 3.057 Thread 0x00000000197b7000 nmethod 271 0x00000000029b3090 code [0x00000000029b33e0, 0x00000000029b4c38]

GC Heap History (0 events):
No events

Deoptimization events (1 events):
Event: 1.900 Thread 0x0000000002700800 Uncommon trap: reason=unreached action=reinterpret pc=0x000000000299c0d8 method=class118133.pqd.TSP.createSolverDynSEC(Ljava/util/HashSet;)V @ 362

Internal exceptions (10 events):
Event: 0.174 Thread 0x0000000002700800 Exception <a 'java/security/PrivilegedActionException'> (0x00000000d6748650) thrown at [C:\workspace\8-2-build-windows-amd64-cygwin\jdk8u31\2394\hotspot\src\share\vm\prims\jvm.cpp, line 1312]
Event: 0.179 Thread 0x0000000002700800 Exception <a 'java/security/PrivilegedActionException'> (0x00000000d67595f0) thrown at [C:\workspace\8-2-build-windows-amd64-cygwin\jdk8u31\2394\hotspot\src\share\vm\prims\jvm.cpp, line 1312]
Event: 0.180 Thread 0x0000000002700800 Exception <a 'java/security/PrivilegedActionException'> (0x00000000d6761ae0) thrown at [C:\workspace\8-2-build-windows-amd64-cygwin\jdk8u31\2394\hotspot\src\share\vm\prims\jvm.cpp, line 1312]
Event: 0.181 Thread 0x0000000002700800 Exception <a 'java/security/PrivilegedActionException'> (0x00000000d67675c0) thrown at [C:\workspace\8-2-build-windows-amd64-cygwin\jdk8u31\2394\hotspot\src\share\vm\prims\jvm.cpp, line 1312]
Event: 0.182 Thread 0x0000000002700800 Exception <a 'java/security/PrivilegedActionException'> (0x00000000d6771e48) thrown at [C:\workspace\8-2-build-windows-amd64-cygwin\jdk8u31\2394\hotspot\src\share\vm\prims\jvm.cpp, line 1312]
Event: 0.183 Thread 0x0000000002700800 Exception <a 'java/security/PrivilegedActionException'> (0x00000000d67767d8) thrown at [C:\workspace\8-2-build-windows-amd64-cygwin\jdk8u31\2394\hotspot\src\share\vm\prims\jvm.cpp, line 1312]
Event: 0.200 Thread 0x0000000002700800 Exception <a 'java/security/PrivilegedActionException'> (0x00000000d6969630) thrown at [C:\workspace\8-2-build-windows-amd64-cygwin\jdk8u31\2394\hotspot\src\share\vm\prims\jvm.cpp, line 1312]
Event: 0.206 Thread 0x0000000002700800 Exception <a 'java/security/PrivilegedActionException'> (0x00000000d6972768) thrown at [C:\workspace\8-2-build-windows-amd64-cygwin\jdk8u31\2394\hotspot\src\share\vm\prims\jvm.cpp, line 1312]
Event: 0.609 Thread 0x0000000002700800 Exception <a 'java/security/PrivilegedActionException'> (0x00000000d6977500) thrown at [C:\workspace\8-2-build-windows-amd64-cygwin\jdk8u31\2394\hotspot\src\share\vm\prims\jvm.cpp, line 1312]
Event: 0.610 Thread 0x0000000002700800 Exception <a 'java/security/PrivilegedActionException'> (0x00000000d697c478) thrown at [C:\workspace\8-2-build-windows-amd64-cygwin\jdk8u31\2394\hotspot\src\share\vm\prims\jvm.cpp, line 1312]

Events (10 events):
Event: 0.611 loading class sun/misc/FDBigInteger done
Event: 1.899 Thread 0x0000000002700800 DEOPT PACKING pc=0x00000000029a858a sp=0x00000000025ff160
Event: 1.899 Thread 0x0000000002700800 DEOPT UNPACKING pc=0x00000000028475bf sp=0x00000000025fefd8 mode 0
Event: 1.900 Thread 0x0000000002700800 Uncommon trap: trap_request=0xffffffad fr.pc=0x000000000299c0d8
Event: 1.900 Thread 0x0000000002700800 DEOPT PACKING pc=0x000000000299c0d8 sp=0x00000000025ff2b0
Event: 1.900 Thread 0x0000000002700800 DEOPT UNPACKING pc=0x000000000284556a sp=0x00000000025ff270 mode 2
Event: 2.523 Thread 0x0000000002700800 DEOPT PACKING pc=0x00000000029a8439 sp=0x00000000025ff160
Event: 2.523 Thread 0x0000000002700800 DEOPT UNPACKING pc=0x00000000028475bf sp=0x00000000025fefd8 mode 0
Event: 3.032 Thread 0x0000000002700800 DEOPT PACKING pc=0x00000000029a8439 sp=0x00000000025ff160
Event: 3.032 Thread 0x0000000002700800 DEOPT UNPACKING pc=0x00000000028475bf sp=0x00000000025fefd8 mode 0


Dynamic libraries:
0x00007ff7ac4e0000 - 0x00007ff7ac514000 	C:\Program Files\Java\jre1.8.0_31\bin\javaw.exe
0x00007fff411d0000 - 0x00007fff413c5000 	C:\WINDOWS\SYSTEM32\ntdll.dll
0x00007fff3f230000 - 0x00007fff3f2ed000 	C:\WINDOWS\System32\KERNEL32.DLL
0x00007fff3ea40000 - 0x00007fff3ed07000 	C:\WINDOWS\System32\KERNELBASE.dll
0x00007fff40240000 - 0x00007fff402ea000 	C:\WINDOWS\System32\ADVAPI32.dll
0x00007fff40070000 - 0x00007fff4010e000 	C:\WINDOWS\System32\msvcrt.dll
0x00007fff40e60000 - 0x00007fff40efb000 	C:\WINDOWS\System32\sechost.dll
0x00007fff3f3b0000 - 0x00007fff3f4d4000 	C:\WINDOWS\System32\RPCRT4.dll
0x00007fff40f00000 - 0x00007fff410a0000 	C:\WINDOWS\System32\USER32.dll
0x00007fff3e910000 - 0x00007fff3e932000 	C:\WINDOWS\System32\win32u.dll
0x00007fff3f4e0000 - 0x00007fff3f50a000 	C:\WINDOWS\System32\GDI32.dll
0x00007fff3ed60000 - 0x00007fff3ee69000 	C:\WINDOWS\System32\gdi32full.dll
0x00007fff3e9a0000 - 0x00007fff3ea3d000 	C:\WINDOWS\System32\msvcp_win.dll
0x00007fff3ef50000 - 0x00007fff3f050000 	C:\WINDOWS\System32\ucrtbase.dll
0x00007fff2be80000 - 0x00007fff2c11b000 	C:\WINDOWS\WinSxS\amd64_microsoft.windows.common-controls_6595b64144ccf1df_6.0.19041.488_none_ca04af081b815d21\COMCTL32.dll
0x00007fff3f2f0000 - 0x00007fff3f320000 	C:\WINDOWS\System32\IMM32.DLL
0x0000000064b70000 - 0x0000000064c42000 	C:\Program Files\Java\jre1.8.0_31\bin\msvcr100.dll
0x0000000064e30000 - 0x000000006568a000 	C:\Program Files\Java\jre1.8.0_31\bin\server\jvm.dll
0x00007fff3f630000 - 0x00007fff3f638000 	C:\WINDOWS\System32\PSAPI.DLL
0x00007fff29200000 - 0x00007fff29209000 	C:\WINDOWS\SYSTEM32\WSOCK32.dll
0x00007fff34ca0000 - 0x00007fff34cc7000 	C:\WINDOWS\SYSTEM32\WINMM.dll
0x00007fff40df0000 - 0x00007fff40e5b000 	C:\WINDOWS\System32\WS2_32.dll
0x0000000064d40000 - 0x0000000064d4f000 	C:\Program Files\Java\jre1.8.0_31\bin\verify.dll
0x0000000064d10000 - 0x0000000064d38000 	C:\Program Files\Java\jre1.8.0_31\bin\java.dll
0x0000000064cc0000 - 0x0000000064cd6000 	C:\Program Files\Java\jre1.8.0_31\bin\zip.dll
0x00007fff3f920000 - 0x00007fff40061000 	C:\WINDOWS\System32\SHELL32.dll
0x00007fff3c6a0000 - 0x00007fff3ce33000 	C:\WINDOWS\SYSTEM32\windows.storage.dll
0x00007fff40a90000 - 0x00007fff40de5000 	C:\WINDOWS\System32\combase.dll
0x00007fff3e380000 - 0x00007fff3e3ac000 	C:\WINDOWS\SYSTEM32\Wldp.dll
0x00007fff40430000 - 0x00007fff404de000 	C:\WINDOWS\System32\SHCORE.dll
0x00007fff403b0000 - 0x00007fff40405000 	C:\WINDOWS\System32\shlwapi.dll
0x00007fff3e840000 - 0x00007fff3e866000 	C:\WINDOWS\SYSTEM32\profapi.dll
0x00007ffebd8f0000 - 0x00007ffebeb42000 	D:\teaching\soict\toi-uu-va-lap-ke-hoach\HK1-2020-2021\code\planningoptimization\lib\jniortools.dll
0x00007fff3bc70000 - 0x00007fff3bc86000 	C:\WINDOWS\SYSTEM32\VCRUNTIME140.dll
0x00007fff3cf00000 - 0x00007fff3d0e4000 	C:\WINDOWS\SYSTEM32\dbghelp.dll
0x00007fff3bbd0000 - 0x00007fff3bc69000 	C:\WINDOWS\SYSTEM32\MSVCP140.dll
0x0000000064ca0000 - 0x0000000064cba000 	C:\Program Files\Java\jre1.8.0_31\bin\net.dll
0x00007fff3e100000 - 0x00007fff3e16a000 	C:\WINDOWS\system32\mswsock.dll
0x0000000064c80000 - 0x0000000064c91000 	C:\Program Files\Java\jre1.8.0_31\bin\nio.dll
0x00007fff3f1b0000 - 0x00007fff3f22f000 	C:\WINDOWS\System32\bcryptPrimitives.dll

VM Arguments:
jvm_args: -Djava.library.path=D:\teaching\soict\toi-uu-va-lap-ke-hoach\HK1-2020-2021\code\planningoptimization\lib -Dfile.encoding=Cp1252 
java_command: class118133.pqd.TSP
java_class_path (initial): D:\teaching\soict\toi-uu-va-lap-ke-hoach\HK1-2020-2021\code\planningoptimization\bin;D:\teaching\soict\toi-uu-va-lap-ke-hoach\HK1-2020-2021\code\planningoptimization\lib\choco-solver-2.1.5.jar;D:\teaching\soict\toi-uu-va-lap-ke-hoach\HK1-2020-2021\code\planningoptimization\lib\choco-solver-4.10.2.jar;D:\teaching\soict\toi-uu-va-lap-ke-hoach\HK1-2020-2021\code\planningoptimization\lib\com.google.ortools.jar;D:\teaching\soict\toi-uu-va-lap-ke-hoach\HK1-2020-2021\code\planningoptimization\lib\protobuf.jar
Launcher Type: SUN_STANDARD

Environment Variables:
JAVA_HOME=C:\Program Files\Java\jdk1.8.0_31
PATH=C:/Program Files/Java/jre1.8.0_31/bin/server;C:/Program Files/Java/jre1.8.0_31/bin;C:/Program Files/Java/jre1.8.0_31/lib/amd64;C:\Program Files\IBM\ILOG\CPLEX_Studio129\opl\bin\x64_win64;C:\Program Files\IBM\ILOG\CPLEX_Studio129\opl\oplide\;C:\Program Files\IBM\ILOG\CPLEX_Studio129\cplex\bin\x64_win64;C:\Program Files\IBM\ILOG\CPLEX_Studio129\cpoptimizer\bin\x64_win64;C:\gurobi811\win64\bin;C:\ProgramData\Oracle\Java\javapath;C:\WINDOWS\system32;C:\WINDOWS;C:\WINDOWS\System32\Wbem;C:\WINDOWS\System32\WindowsPowerShell\v1.0\;C:\WINDOWS\System32\OpenSSH\;C:\Program Files\Git\cmd;C:\Program Files\PuTTY\;C:\Program Files (x86)\GitExtensions\;C:\Program Files\MiKTeX 2.9\miktex\bin\x64\;C:\Program Files\nodejs\;D:\softwares\apache-maven-3.2.5-bin\apache-maven-3.2.5\bin;C:\Users\Admin\AppData\Local\Programs\Python\Python38\Scripts\;C:\Users\Admin\AppData\Local\Programs\Python\Python38\;C:\Program Files\MySQL\MySQL Shell 8.0\bin\;C:\Users\Admin\AppData\Roaming\npm;C:\Users\Admin\AppData\Local\Programs\Microsoft VS Code\bin;D:\softwares\apache-maven-3.2.5-bin\apache-maven-3.2.5\bin;C:\Users\Admin\AppData\Local\Microsoft\WindowsApps;C:\Program Files\JetBrains\PyCharm Community Edition 2019.2.3\bin;;;D:\softwares\eclipse-jee-luna-R-win32-x86_64\eclipse;
USERNAME=Admin
OS=Windows_NT
PROCESSOR_IDENTIFIER=Intel64 Family 6 Model 142 Stepping 10, GenuineIntel



---------------  S Y S T E M  ---------------

OS: Windows 8.1 , 64 bit Build 9600 

CPU:total 8 (4 cores per cpu, 2 threads per core) family 6 model 142 stepping 10, cmov, cx8, fxsr, mmx, sse, sse2, sse3, ssse3, sse4.1, sse4.2, popcnt, avx, avx2, aes, clmul, erms, lzcnt, ht, tsc, tscinvbit, bmi1, bmi2

Memory: 4k page, physical 8283900k(2055120k free), swap 17741452k(6755672k free)

vm_info: Java HotSpot(TM) 64-Bit Server VM (25.31-b07) for windows-amd64 JRE (1.8.0_31-b13), built on Dec 17 2014 21:00:28 by "java_re" with MS VC++ 10.0 (VS2010)

time: Tue Oct 06 09:39:43 2020
elapsed time: 3 seconds (0d 0h 0m 3s)

